<?xml version="1.0" encoding="UTF-8"?>
<testng-results ignored="0" total="1" passed="1" failed="0" skipped="0">
  <reporter-output>
  </reporter-output>
  <suite started-at="2025-05-19T20:16:19 IST" name="Default suite" finished-at="2025-05-19T20:16:35 IST" duration-ms="15502">
    <groups>
    </groups>
    <test started-at="2025-05-19T20:16:19 IST" name="Default test" finished-at="2025-05-19T20:16:35 IST" duration-ms="15502">
      <class name="selinium.Login">
        <test-method is-config="true" signature="setup()[pri:0, instance:selinium.Login@23348b5d]" started-at="2025-05-19T20:16:19 IST" name="setup" finished-at="2025-05-19T20:16:22 IST" duration-ms="2928" status="PASS">
          <reporter-output>
          </reporter-output>
        </test-method> <!-- setup -->
        <test-method signature="use()[pri:0, instance:selinium.Login@23348b5d]" started-at="2025-05-19T20:16:22 IST" name="use" finished-at="2025-05-19T20:16:35 IST" duration-ms="12479" status="PASS">
          <reporter-output>
          </reporter-output>
        </test-method> <!-- use -->
      </class> <!-- selinium.Login -->
    </test> <!-- Default test -->
  </suite> <!-- Default suite -->
</testng-results>
